-- This test is to verify the order of reusing idle gangs.
--
-- For example:
-- In the same session,
-- query 1 has 3 slices and it creates gang B, gang C and gang D.
-- query 2 has 2 slices, we hope it reuses gang B and gang C instead of other
-- cases like gang D and gang C.
--
-- In this way, the two queries can have the same send-receive port pair. It's
-- useful in platform like Azure. Because Azure limits the number of different
-- send-receive port pairs (AKA flow) in a certain time period.
-- To verify the order we show the gang id in EXPLAIN ANALYZE output when
-- gp_log_gang is 'debug', turn on this output.
set gp_log_gang to 'debug';
set gp_cached_segworkers_threshold to 10;
set gp_vmem_idle_resource_timeout to '60s';
set optimizer_enable_motion_broadcast to off;
set optimizer_force_multistage_agg to on;
create table test_gang_reuse_t1 (c1 int, c2 int);
NOTICE:  Table doesn't have 'DISTRIBUTED BY' clause -- Using column named 'c1' as the Greenplum Database data distribution key for this table.
HINT:  The 'DISTRIBUTED BY' clause determines the distribution of data. Make sure column(s) chosen are the optimal data distribution key to minimize skew.
analyze test_gang_reuse_t1;
-- this query will create 3 reader gangs with ids C, D and E, we expect they
-- will always be reused in the same order
explain analyze select count(*) from test_gang_reuse_t1 a
  join test_gang_reuse_t1 b using (c2)
  join test_gang_reuse_t1 c using (c2)
;
                                                                        QUERY PLAN                                                                        
----------------------------------------------------------------------------------------------------------------------------------------------------------
 Finalize Aggregate  (cost=0.00..1293.00 rows=1 width=8) (actual time=18.452..18.452 rows=1 loops=1)
   ->  Gather Motion 3:1  (slice1; gang0; segments: 3)  (cost=0.00..1293.00 rows=1 width=8) (actual time=14.400..18.441 rows=3 loops=1)
         ->  Partial Aggregate  (cost=0.00..1293.00 rows=1 width=8) (actual time=15.785..15.786 rows=1 loops=1)
               ->  Hash Join  (cost=0.00..1293.00 rows=1 width=1) (never executed)
                     Hash Cond: (test_gang_reuse_t1.c2 = test_gang_reuse_t1_1.c2)
                     ->  Redistribute Motion 3:3  (slice2; gang3; segments: 3)  (cost=0.00..431.00 rows=1 width=4) (never executed)
                           Hash Key: test_gang_reuse_t1.c2
                           ->  Seq Scan on test_gang_reuse_t1  (cost=0.00..431.00 rows=1 width=4) (never executed)
                     ->  Hash  (cost=862.00..862.00 rows=1 width=4) (never executed)
                           Buckets: 262144  Batches: 1  Memory Usage: 2048kB
                           ->  Hash Join  (cost=0.00..862.00 rows=1 width=4) (never executed)
                                 Hash Cond: (test_gang_reuse_t1_1.c2 = test_gang_reuse_t1_2.c2)
                                 ->  Redistribute Motion 3:3  (slice3; gang6; segments: 3)  (cost=0.00..431.00 rows=1 width=4) (never executed)
                                       Hash Key: test_gang_reuse_t1_1.c2
                                       ->  Seq Scan on test_gang_reuse_t1 test_gang_reuse_t1_1  (cost=0.00..431.00 rows=1 width=4) (never executed)
                                 ->  Hash  (cost=431.00..431.00 rows=1 width=4) (never executed)
                                       Buckets: 262144  Batches: 1  Memory Usage: 2048kB
                                       ->  Redistribute Motion 3:3  (slice4; gang9; segments: 3)  (cost=0.00..431.00 rows=1 width=4) (never executed)
                                             Hash Key: test_gang_reuse_t1_2.c2
                                             ->  Seq Scan on test_gang_reuse_t1 test_gang_reuse_t1_2  (cost=0.00..431.00 rows=1 width=4) (never executed)
 Planning Time: 81.049 ms
   (slice0)    Executor memory: 68K bytes.
   (slice1)    Executor memory: 4133K bytes avg x 3 workers, 4133K bytes max (seg0).  Work_mem: 2048K bytes max.
   (slice2)    Executor memory: 37K bytes avg x 3 workers, 37K bytes max (seg0).
   (slice3)    Executor memory: 37K bytes avg x 3 workers, 37K bytes max (seg0).
   (slice4)    Executor memory: 37K bytes avg x 3 workers, 37K bytes max (seg0).
 Memory used:  128000kB
 Optimizer: Pivotal Optimizer (GPORCA)
 Execution Time: 62.428 ms
(29 rows)

-- so in this query the gangs C and D should be used
explain analyze select count(*) from test_gang_reuse_t1 a
  join test_gang_reuse_t1 b using (c2)
;
                                                                  QUERY PLAN                                                                  
----------------------------------------------------------------------------------------------------------------------------------------------
 Finalize Aggregate  (cost=0.00..862.00 rows=1 width=8) (actual time=18.155..18.155 rows=1 loops=1)
   ->  Gather Motion 3:1  (slice1; gang0; segments: 3)  (cost=0.00..862.00 rows=1 width=8) (actual time=16.814..18.145 rows=3 loops=1)
         ->  Partial Aggregate  (cost=0.00..862.00 rows=1 width=8) (actual time=16.603..16.603 rows=1 loops=1)
               ->  Hash Join  (cost=0.00..862.00 rows=1 width=1) (never executed)
                     Hash Cond: (test_gang_reuse_t1.c2 = test_gang_reuse_t1_1.c2)
                     ->  Redistribute Motion 3:3  (slice2; gang3; segments: 3)  (cost=0.00..431.00 rows=1 width=4) (never executed)
                           Hash Key: test_gang_reuse_t1.c2
                           ->  Seq Scan on test_gang_reuse_t1  (cost=0.00..431.00 rows=1 width=4) (never executed)
                     ->  Hash  (cost=431.00..431.00 rows=1 width=4) (never executed)
                           Buckets: 524288  Batches: 1  Memory Usage: 4096kB
                           ->  Redistribute Motion 3:3  (slice3; gang6; segments: 3)  (cost=0.00..431.00 rows=1 width=4) (never executed)
                                 Hash Key: test_gang_reuse_t1_1.c2
                                 ->  Seq Scan on test_gang_reuse_t1 test_gang_reuse_t1_1  (cost=0.00..431.00 rows=1 width=4) (never executed)
 Planning Time: 10.901 ms
   (slice0)    Executor memory: 49K bytes.
   (slice1)    Executor memory: 4121K bytes avg x 3 workers, 4121K bytes max (seg0).  Work_mem: 4096K bytes max.
   (slice2)    Executor memory: 37K bytes avg x 3 workers, 37K bytes max (seg0).
   (slice3)    Executor memory: 37K bytes avg x 3 workers, 37K bytes max (seg0).
 Memory used:  128000kB
 Optimizer: Pivotal Optimizer (GPORCA)
 Execution Time: 19.130 ms
(21 rows)

-- so in this query the gangs C, D and E should be used
explain analyze select count(*) from test_gang_reuse_t1 a
  join test_gang_reuse_t1 b using (c2)
  join test_gang_reuse_t1 c using (c2)
;
                                                                        QUERY PLAN                                                                        
----------------------------------------------------------------------------------------------------------------------------------------------------------
 Finalize Aggregate  (cost=0.00..1293.00 rows=1 width=8) (actual time=10.945..10.945 rows=1 loops=1)
   ->  Gather Motion 3:1  (slice1; gang0; segments: 3)  (cost=0.00..1293.00 rows=1 width=8) (actual time=0.003..10.936 rows=3 loops=1)
         ->  Partial Aggregate  (cost=0.00..1293.00 rows=1 width=8) (actual time=1.780..1.780 rows=1 loops=1)
               ->  Hash Join  (cost=0.00..1293.00 rows=1 width=1) (never executed)
                     Hash Cond: (test_gang_reuse_t1.c2 = test_gang_reuse_t1_1.c2)
                     ->  Redistribute Motion 3:3  (slice2; gang3; segments: 3)  (cost=0.00..431.00 rows=1 width=4) (never executed)
                           Hash Key: test_gang_reuse_t1.c2
                           ->  Seq Scan on test_gang_reuse_t1  (cost=0.00..431.00 rows=1 width=4) (never executed)
                     ->  Hash  (cost=862.00..862.00 rows=1 width=4) (never executed)
                           Buckets: 262144  Batches: 1  Memory Usage: 2048kB
                           ->  Hash Join  (cost=0.00..862.00 rows=1 width=4) (never executed)
                                 Hash Cond: (test_gang_reuse_t1_1.c2 = test_gang_reuse_t1_2.c2)
                                 ->  Redistribute Motion 3:3  (slice3; gang6; segments: 3)  (cost=0.00..431.00 rows=1 width=4) (never executed)
                                       Hash Key: test_gang_reuse_t1_1.c2
                                       ->  Seq Scan on test_gang_reuse_t1 test_gang_reuse_t1_1  (cost=0.00..431.00 rows=1 width=4) (never executed)
                                 ->  Hash  (cost=431.00..431.00 rows=1 width=4) (never executed)
                                       Buckets: 262144  Batches: 1  Memory Usage: 2048kB
                                       ->  Redistribute Motion 3:3  (slice4; gang9; segments: 3)  (cost=0.00..431.00 rows=1 width=4) (never executed)
                                             Hash Key: test_gang_reuse_t1_2.c2
                                             ->  Seq Scan on test_gang_reuse_t1 test_gang_reuse_t1_2  (cost=0.00..431.00 rows=1 width=4) (never executed)
 Planning Time: 54.775 ms
   (slice0)    Executor memory: 68K bytes.
   (slice1)    Executor memory: 4133K bytes avg x 3 workers, 4133K bytes max (seg0).  Work_mem: 2048K bytes max.
   (slice2)    Executor memory: 37K bytes avg x 3 workers, 37K bytes max (seg0).
   (slice3)    Executor memory: 37K bytes avg x 3 workers, 37K bytes max (seg0).
   (slice4)    Executor memory: 37K bytes avg x 3 workers, 37K bytes max (seg0).
 Memory used:  128000kB
 Optimizer: Pivotal Optimizer (GPORCA)
 Execution Time: 14.789 ms
(29 rows)

-- so in this query the gangs C and D should be used
explain analyze select count(*) from test_gang_reuse_t1 a
  join test_gang_reuse_t1 b using (c2)
;
                                                                  QUERY PLAN                                                                  
----------------------------------------------------------------------------------------------------------------------------------------------
 Finalize Aggregate  (cost=0.00..862.00 rows=1 width=8) (actual time=2.680..2.680 rows=1 loops=1)
   ->  Gather Motion 3:1  (slice1; gang0; segments: 3)  (cost=0.00..862.00 rows=1 width=8) (actual time=2.671..2.673 rows=3 loops=1)
         ->  Partial Aggregate  (cost=0.00..862.00 rows=1 width=8) (actual time=1.713..1.714 rows=1 loops=1)
               ->  Hash Join  (cost=0.00..862.00 rows=1 width=1) (never executed)
                     Hash Cond: (test_gang_reuse_t1.c2 = test_gang_reuse_t1_1.c2)
                     ->  Redistribute Motion 3:3  (slice2; gang3; segments: 3)  (cost=0.00..431.00 rows=1 width=4) (never executed)
                           Hash Key: test_gang_reuse_t1.c2
                           ->  Seq Scan on test_gang_reuse_t1  (cost=0.00..431.00 rows=1 width=4) (never executed)
                     ->  Hash  (cost=431.00..431.00 rows=1 width=4) (never executed)
                           Buckets: 524288  Batches: 1  Memory Usage: 4096kB
                           ->  Redistribute Motion 3:3  (slice3; gang6; segments: 3)  (cost=0.00..431.00 rows=1 width=4) (never executed)
                                 Hash Key: test_gang_reuse_t1_1.c2
                                 ->  Seq Scan on test_gang_reuse_t1 test_gang_reuse_t1_1  (cost=0.00..431.00 rows=1 width=4) (never executed)
 Planning Time: 9.802 ms
   (slice0)    Executor memory: 49K bytes.
   (slice1)    Executor memory: 4121K bytes avg x 3 workers, 4121K bytes max (seg0).  Work_mem: 4096K bytes max.
   (slice2)    Executor memory: 37K bytes avg x 3 workers, 37K bytes max (seg0).
   (slice3)    Executor memory: 37K bytes avg x 3 workers, 37K bytes max (seg0).
 Memory used:  128000kB
 Optimizer: Pivotal Optimizer (GPORCA)
 Execution Time: 3.913 ms
(21 rows)

reset optimizer_force_multistage_agg;
